0 info it worked if it ends with ok
1 verbose cli [ '/usr/bin/nodejs', '/usr/bin/npm', 'run', 'production' ]
2 info using npm@3.9.5
3 info using node@v6.2.2
4 verbose run-script [ 'preproduction', 'production', 'postproduction' ]
5 info lifecycle ncku-story@0.0.1~preproduction: ncku-story@0.0.1
6 silly lifecycle ncku-story@0.0.1~preproduction: no script for preproduction, continuing
7 info lifecycle ncku-story@0.0.1~production: ncku-story@0.0.1
8 verbose lifecycle ncku-story@0.0.1~production: unsafe-perm in lifecycle true
9 verbose lifecycle ncku-story@0.0.1~production: PATH: /usr/lib/node_modules/npm/bin/node-gyp-bin:/home/wp2016/user/evanPD333/git/NCKU_Story/node_modules/.bin:/usr/bin:/usr/local/lib/perl5/bin:/usr/local/sbin:/usr/local/bin:/usr/sbin:/usr/bin:/sbin:/bin:/usr/games:/usr/local/games:/home/wp2016/user//evanPD333/bin:/home/wp2016/user//evanPD333/.aspera/connect/bin
10 verbose lifecycle ncku-story@0.0.1~production: CWD: /home/wp2016/user/evanPD333/git/NCKU_Story
11 silly lifecycle ncku-story@0.0.1~production: Args: [ '-c', 'gulp --production' ]
12 silly lifecycle ncku-story@0.0.1~production: Returned: code: 1  signal: null
13 info lifecycle ncku-story@0.0.1~production: Failed to exec production script
14 verbose stack Error: ncku-story@0.0.1 production: `gulp --production`
14 verbose stack Exit status 1
14 verbose stack     at EventEmitter.<anonymous> (/usr/lib/node_modules/npm/lib/utils/lifecycle.js:245:16)
14 verbose stack     at emitTwo (events.js:106:13)
14 verbose stack     at EventEmitter.emit (events.js:191:7)
14 verbose stack     at ChildProcess.<anonymous> (/usr/lib/node_modules/npm/lib/utils/spawn.js:24:14)
14 verbose stack     at emitTwo (events.js:106:13)
14 verbose stack     at ChildProcess.emit (events.js:191:7)
14 verbose stack     at maybeClose (internal/child_process.js:852:16)
14 verbose stack     at Process.ChildProcess._handle.onexit (internal/child_process.js:215:5)
15 verbose pkgid ncku-story@0.0.1
16 verbose cwd /home/wp2016/user/evanPD333/git/NCKU_Story
17 error Linux 4.2.0-27-generic
18 error argv "/usr/bin/nodejs" "/usr/bin/npm" "run" "production"
19 error node v6.2.2
20 error npm  v3.9.5
21 error code ELIFECYCLE
22 error ncku-story@0.0.1 production: `gulp --production`
22 error Exit status 1
23 error Failed at the ncku-story@0.0.1 production script 'gulp --production'.
23 error Make sure you have the latest version of node.js and npm installed.
23 error If you do, this is most likely a problem with the ncku-story package,
23 error not with npm itself.
23 error Tell the author that this fails on your system:
23 error     gulp --production
23 error You can get information on how to open an issue for this project with:
23 error     npm bugs ncku-story
23 error Or if that isn't available, you can get their info via:
23 error     npm owner ls ncku-story
23 error There is likely additional logging output above.
24 verbose exit [ 1, true ]
